2025-03-14T05:59:53.860Z <subql-node> INFO Current @subql/node-starknet version is 5.9.0 
2025-03-14T05:59:53.861Z <subql-node> INFO Current @subql/node-starknet version is 5.9.0 
2025-03-14T05:59:53.935Z <ProjectUpgradeService> INFO Projects: {
  "205": "/app"
} 
2025-03-14T05:59:53.981Z <nestjs> INFO Starting Nest application... 
2025-03-14T05:59:54.011Z <nestjs> INFO AppModule dependencies initialized 
2025-03-14T05:59:54.011Z <nestjs> INFO ConfigureModule dependencies initialized 
2025-03-14T05:59:54.012Z <nestjs> INFO PrometheusModule dependencies initialized 
2025-03-14T05:59:54.012Z <api> WARN skipTransactions is disabled, the project contains only event handlers, it could be enabled to improve indexing performance. 
2025-03-14T05:59:54.013Z <api.starknet> INFO Api host: starknet-devnet, method: http 
2025-03-14T05:59:54.017Z <nestjs> INFO DiscoveryModule dependencies initialized 
2025-03-14T05:59:54.032Z <nestjs> INFO ScheduleModule dependencies initialized 
2025-03-14T05:59:54.033Z <nestjs> INFO EventEmitterModule dependencies initialized 
2025-03-14T05:59:54.061Z <db> WARN Database does not support SSL connection, will try to connect without it 
2025-03-14T05:59:57.182Z <nestjs> INFO DbModule dependencies initialized 
2025-03-14T05:59:57.183Z <indexer> INFO indexer manager start 
2025-03-14T05:59:57.184Z <nestjs> INFO MetaModule dependencies initialized 
2025-03-14T05:59:57.184Z <nestjs> INFO FetchModule dependencies initialized 
2025-03-14T05:59:57.184Z <nestjs> INFO CoreModule dependencies initialized 
2025-03-14T05:59:57.187Z <nestjs> INFO AdminController {/admin}: 
2025-03-14T05:59:57.189Z <nestjs> INFO Mapped {/admin/index_history/range, GET} route 
2025-03-14T05:59:57.189Z <nestjs> INFO Mapped {/admin/index_history/forks, GET} route 
2025-03-14T05:59:57.189Z <nestjs> INFO Mapped {/admin/index_history/block/:blockHeight, GET} route 
2025-03-14T05:59:57.190Z <nestjs> INFO Mapped {/admin/poi/range, GET} route 
2025-03-14T05:59:57.190Z <nestjs> INFO Mapped {/admin/poi, GET} route 
2025-03-14T05:59:57.190Z <nestjs> INFO Mapped {/admin/rewind, POST} route 
2025-03-14T05:59:57.190Z <nestjs> INFO Mapped {/admin/db_size, GET} route 
2025-03-14T05:59:57.190Z <nestjs> INFO HealthController {/health}: 
2025-03-14T05:59:57.190Z <nestjs> INFO Mapped {/health, GET} route 
2025-03-14T05:59:57.190Z <nestjs> INFO ReadyController {/ready}: 
2025-03-14T05:59:57.191Z <nestjs> INFO Mapped {/ready, GET} route 
2025-03-14T05:59:57.191Z <nestjs> INFO MetaController {/meta}: 
2025-03-14T05:59:57.191Z <nestjs> INFO Mapped {/meta, GET} route 
2025-03-14T05:59:57.191Z <nestjs> INFO PrometheusController {/metrics}: 
2025-03-14T05:59:57.191Z <nestjs> INFO Mapped {/metrics, GET} route 
2025-03-14T05:59:57.196Z <nestjs> INFO Nest application successfully started 
2025-03-14T05:59:57.384Z <StoreService> INFO Historical state is height 
2025-03-14T05:59:57.451Z <dynamic-ds> INFO Loaded 0 dynamic datasources 
2025-03-14T05:59:57.975Z <api> WARN skipTransactions is disabled, the project contains only event handlers, it could be enabled to improve indexing performance. 
2025-03-14T05:59:57.977Z <UnfinalizedBlocks> INFO Unfinalized blocks is enabled 
2025-03-14T05:59:57.987Z <api.starknet> INFO First block is not finalized on L1. 
2025-03-14T05:59:58.297Z <BlockDispatcherService> INFO Enqueueing blocks 205...205, total 1 blocks 
2025-03-14T05:59:58.300Z <BlockDispatcherService> INFO Enqueueing blocks 206...206, total 1 blocks 
2025-03-14T05:59:58.300Z <BlockDispatcherService> INFO Enqueueing blocks 207...207, total 1 blocks 
2025-03-14T05:59:58.300Z <BlockDispatcherService> INFO Enqueueing blocks 208...208, total 1 blocks 
2025-03-14T05:59:58.301Z <subql-node> INFO Node started on port: 3000 
2025-03-14T05:59:59.309Z <BlockDispatcherService> INFO Enqueueing blocks 209...209, total 1 blocks 
2025-03-14T05:59:59.309Z <BlockDispatcherService> INFO Enqueueing blocks 210...210, total 1 blocks 
2025-03-14T05:59:59.309Z <BlockDispatcherService> INFO Enqueueing blocks 211...211, total 1 blocks 
2025-03-14T06:00:00.313Z <BlockDispatcherService> INFO Enqueueing blocks 212...212, total 1 blocks 
2025-03-14T06:00:00.313Z <BlockDispatcherService> INFO Enqueueing blocks 213...213, total 1 blocks 
2025-03-14T06:00:00.313Z <BlockDispatcherService> INFO Enqueueing blocks 214...214, total 1 blocks 
2025-03-14T06:00:01.321Z <BlockDispatcherService> INFO Enqueueing blocks 215...215, total 1 blocks 
2025-03-14T06:00:01.321Z <BlockDispatcherService> INFO Enqueueing blocks 216...216, total 1 blocks 
2025-03-14T06:00:01.321Z <BlockDispatcherService> INFO Enqueueing blocks 217...217, total 1 blocks 
2025-03-14T06:00:02.322Z <BlockDispatcherService> INFO Enqueueing blocks 218...218, total 1 blocks 
2025-03-14T06:00:02.322Z <BlockDispatcherService> INFO Enqueueing blocks 219...219, total 1 blocks 
2025-03-14T06:00:02.322Z <BlockDispatcherService> INFO Enqueueing blocks 220...220, total 1 blocks 
2025-03-14T06:00:03.324Z <BlockDispatcherService> INFO Enqueueing blocks 221...221, total 1 blocks 
2025-03-14T06:00:03.324Z <BlockDispatcherService> INFO Enqueueing blocks 222...222, total 1 blocks 
2025-03-14T06:00:03.324Z <BlockDispatcherService> INFO Enqueueing blocks 223...223, total 1 blocks 
[2025-03-14T06:00:03.328Z] INFO: Using default public node url, please provide nodeUrl in provider options!
2025-03-14T06:00:05.690Z <sandbox> INFO New Tpp Transfer event at block 218 
2025-03-14T06:00:05.694Z <StoreCacheService> ERROR All data sources have been processed up to block number 220. Exiting gracefully... 